<?xml version="1.0" encoding="UTF-8"?>
<testng-results ignored="0" total="2" passed="2" failed="0" skipped="0">
  <reporter-output>
  </reporter-output>
  <suite started-at="2022-03-31T14:16:39Z" name="Default suite" finished-at="2022-03-31T14:16:52Z" duration-ms="12984">
    <groups>
    </groups>
    <test started-at="2022-03-31T14:16:39Z" name="Default test" finished-at="2022-03-31T14:16:52Z" duration-ms="12984">
      <class name="variousPackage.LoginTest">
        <test-method is-config="true" signature="readConfig()[pri:0, instance:variousPackage.LoginTest@571c5681]" started-at="2022-03-31T14:16:39Z" name="readConfig" finished-at="2022-03-31T14:16:40Z" duration-ms="9" status="PASS">
          <reporter-output>
          </reporter-output>
        </test-method> <!-- readConfig -->
        <test-method is-config="true" signature="init()[pri:0, instance:variousPackage.LoginTest@571c5681]" started-at="2022-03-31T14:16:40Z" name="init" finished-at="2022-03-31T14:16:43Z" duration-ms="3384" status="PASS">
          <reporter-output>
          </reporter-output>
        </test-method> <!-- init -->
        <test-method signature="loginTest()[pri:1, instance:variousPackage.LoginTest@571c5681]" started-at="2022-03-31T14:16:43Z" name="loginTest" finished-at="2022-03-31T14:16:45Z" duration-ms="2374" status="PASS">
          <reporter-output>
          </reporter-output>
        </test-method> <!-- loginTest -->
        <test-method is-config="true" signature="init()[pri:0, instance:variousPackage.LoginTest@571c5681]" started-at="2022-03-31T14:16:45Z" name="init" finished-at="2022-03-31T14:16:48Z" duration-ms="3142" status="PASS">
          <reporter-output>
          </reporter-output>
        </test-method> <!-- init -->
        <test-method signature="addCustomerTest()[pri:2, instance:variousPackage.LoginTest@571c5681]" started-at="2022-03-31T14:16:48Z" name="addCustomerTest" finished-at="2022-03-31T14:16:52Z" duration-ms="4052" status="PASS">
          <reporter-output>
          </reporter-output>
        </test-method> <!-- addCustomerTest -->
      </class> <!-- variousPackage.LoginTest -->
    </test> <!-- Default test -->
  </suite> <!-- Default suite -->
</testng-results>
